

[2022-06-27 01:48:13,133: INFO: stage_02_featurization]: 
********************
[2022-06-27 01:48:13,133: INFO: stage_02_featurization]: >>>>> stage Featurization started <<<<<
[2022-06-27 01:48:13,136: INFO: common]: yaml file: configs/config.yaml loaded successfully
[2022-06-27 01:48:13,137: INFO: common]: yaml file: params.yaml loaded successfully
[2022-06-27 01:48:13,137: INFO: common]: created directory at: artifacts\features
[2022-06-27 01:48:14,058: INFO: common]: The input data frame artifacts\prepared\train.tsv of size (17535, 3) is read.
[2022-06-27 01:48:14,059: ERROR: stage_02_featurization]: 'DataFrame' object has no attribute 'text'
Traceback (most recent call last):
  File "src/stage_02_featurization.py", line 75, in <module>
    main(config_path=parsed_args.config, params_path=parsed_args.params)
  File "src/stage_02_featurization.py", line 41, in main
    train_words = np.array(df_train.text.str.lower().values.astype("U"))
  File "C:\Users\SUSHANTH\Desktop\from D drive\New folder\NLP\nlp-project-with-dvc\env\lib\site-packages\pandas\core\generic.py", line 5575, in __getattr__
    return object.__getattribute__(self, name)
AttributeError: 'DataFrame' object has no attribute 'text'
[2022-06-27 01:55:51,760: INFO: stage_02_featurization]: 
********************
[2022-06-27 01:55:51,760: INFO: stage_02_featurization]: >>>>> stage Featurization started <<<<<
[2022-06-27 01:55:51,762: INFO: common]: yaml file: configs/config.yaml loaded successfully
[2022-06-27 01:55:51,763: INFO: common]: yaml file: params.yaml loaded successfully
[2022-06-27 01:55:51,764: INFO: common]: created directory at: artifacts\features
[2022-06-27 01:55:51,973: INFO: common]: The input data frame artifacts\prepared\train.tsv of size (17535, 3) is read.
[2022-06-27 01:55:51,973: ERROR: stage_02_featurization]: 'DataFrame' object has no attribute 'text'
Traceback (most recent call last):
  File "src/stage_02_featurization.py", line 75, in <module>
    main(config_path=parsed_args.config, params_path=parsed_args.params)
  File "src/stage_02_featurization.py", line 41, in main
    train_words = np.array(df_train.text.str.lower().values.astype("U"))
  File "C:\Users\SUSHANTH\Desktop\from D drive\New folder\NLP\nlp-project-with-dvc\env\lib\site-packages\pandas\core\generic.py", line 5575, in __getattr__
    return object.__getattribute__(self, name)
AttributeError: 'DataFrame' object has no attribute 'text'
[2022-06-27 02:00:07,773: INFO: stage_02_featurization]: 
********************
[2022-06-27 02:00:07,773: INFO: stage_02_featurization]: >>>>> stage Featurization started <<<<<
[2022-06-27 02:00:07,775: INFO: common]: yaml file: configs/config.yaml loaded successfully
[2022-06-27 02:00:07,777: INFO: common]: yaml file: params.yaml loaded successfully
[2022-06-27 02:00:07,777: INFO: common]: created directory at: artifacts\features
[2022-06-27 02:00:08,003: INFO: common]: The input data frame artifacts\prepared\train.tsv of size (17535, 3) is read.
[2022-06-27 02:00:08,003: ERROR: stage_02_featurization]: 'DataFrame' object has no attribute 'text'
Traceback (most recent call last):
  File "src/stage_02_featurization.py", line 75, in <module>
    main(config_path=parsed_args.config, params_path=parsed_args.params)
  File "src/stage_02_featurization.py", line 41, in main
    train_words = np.array(df_train.text.str.lower().values.astype("U"))
  File "C:\Users\SUSHANTH\Desktop\from D drive\New folder\NLP\nlp-project-with-dvc\env\lib\site-packages\pandas\core\generic.py", line 5575, in __getattr__
    return object.__getattribute__(self, name)
AttributeError: 'DataFrame' object has no attribute 'text'
[2022-06-27 02:02:42,317: INFO: stage_02_featurization]: 
********************
[2022-06-27 02:02:42,317: INFO: stage_02_featurization]: >>>>> stage Featurization started <<<<<
[2022-06-27 02:02:42,319: INFO: common]: yaml file: configs/config.yaml loaded successfully
[2022-06-27 02:02:42,320: INFO: common]: yaml file: params.yaml loaded successfully
[2022-06-27 02:02:42,321: INFO: common]: created directory at: artifacts\features
[2022-06-27 02:02:42,531: INFO: common]: The input data frame artifacts\prepared\train.tsv of size (17535, 3) is read.
[2022-06-27 02:02:42,531: ERROR: stage_02_featurization]: 'DataFrame' object has no attribute 'text'
Traceback (most recent call last):
  File "src/stage_02_featurization.py", line 76, in <module>
    main(config_path=parsed_args.config, params_path=parsed_args.params)
  File "src/stage_02_featurization.py", line 41, in main
    train_words = np.array(df_train.text.str.lower().values.astype("U"))
  File "C:\Users\SUSHANTH\Desktop\from D drive\New folder\NLP\nlp-project-with-dvc\env\lib\site-packages\pandas\core\generic.py", line 5575, in __getattr__
    return object.__getattribute__(self, name)
AttributeError: 'DataFrame' object has no attribute 'text'
[2022-06-27 02:05:47,714: INFO: stage_04_evaluate]: 
********************
[2022-06-27 02:05:47,714: INFO: stage_04_evaluate]: >>>>> stage Evaluation started <<<<<
[2022-06-27 02:05:47,716: INFO: common]: yaml file: configs/config.yaml loaded successfully
[2022-06-27 02:05:47,718: INFO: common]: yaml file: params.yaml loaded successfully
[2022-06-27 02:05:47,718: ERROR: stage_04_evaluate]: [Errno 2] No such file or directory: 'artifacts\\model\\model.pkl'
Traceback (most recent call last):
  File "src/stage_04_evaluate.py", line 104, in <module>
    main(config_path=parsed_args.config, params_path=parsed_args.params)
  File "src/stage_04_evaluate.py", line 37, in main
    model = joblib.load(model_path)
  File "C:\Users\SUSHANTH\Desktop\from D drive\New folder\NLP\nlp-project-with-dvc\env\lib\site-packages\joblib\numpy_pickle.py", line 579, in load
    with open(filename, 'rb') as f:
FileNotFoundError: [Errno 2] No such file or directory: 'artifacts\\model\\model.pkl'
[2022-06-27 02:07:19,869: INFO: stage_01_prepare_data]: 
********************
[2022-06-27 02:07:19,869: INFO: stage_01_prepare_data]: >>>>> stage Prepare_data started <<<<<
[2022-06-27 02:07:19,872: INFO: common]: yaml file: configs/config.yaml loaded successfully
[2022-06-27 02:07:19,873: INFO: common]: yaml file: params.yaml loaded successfully
[2022-06-27 02:07:19,874: INFO: common]: created directory at: artifacts\prepared
[2022-06-27 02:07:22,501: INFO: stage_01_prepare_data]: >>>>> stage Prepare_data completed!<<<<<

